<?xml version="1.0" encoding="UTF-8"?>
<!-- Generated by org.testng.reporters.JUnitReportReporter -->
<testsuite skipped="2" hostname="DESKTOP-1AU25CC" name="Framework.HomePage" tests="2" failures="0" timestamp="26 Apr 2024 14:06:32 GMT" time="0.000" errors="0">
  <testcase name="basePageNavigation" time="0.000" classname="Framework.HomePage">
    <skipped/>
  </testcase> <!-- basePageNavigation -->
  <testcase name="basePageNavigation" time="0.000" classname="Framework.HomePage">
    <skipped/>
  </testcase> <!-- basePageNavigation -->
</testsuite> <!-- Framework.HomePage -->
